<?xml version="1.0" encoding="UTF-8"?>
<!-- Generated by org.testng.reporters.JUnitXMLReporter -->
<testsuite ignored="0" hostname="MdKhaja" failures="0" tests="6" name="Default test" time="1.821" errors="0" timestamp="2025-09-21T16:30:42 IST">
  <testcase classname="programs.MyApplicationAPIs" name="getEmploees" time="0.076"/>
  <testcase classname="programs.MyApplicationAPIs" name="createEmployee" time="0.154"/>
  <testcase classname="programs.MyApplicationAPIs" name="gettingCreatedEmployeeDetails" time="0.026"/>
  <testcase classname="programs.MyApplicationAPIs" name="updateEmployee" time="0.056"/>
  <testcase classname="programs.MyApplicationAPIs" name="gettingUpdatedEmployeeDetails" time="0.171"/>
  <testcase classname="programs.MyApplicationAPIs" name="deleteUpdatedEmployee" time="0.046"/>
</testsuite> <!-- Default test -->
