<?xml version="1.0" encoding="UTF-8"?>
<testng-results ignored="5" total="6" passed="1" failed="0" skipped="0">
  <reporter-output>
  </reporter-output>
  <suite started-at="2025-10-19T16:47:18 IST" name="Default suite" finished-at="2025-10-19T16:47:20 IST" duration-ms="1678">
    <groups>
    </groups>
    <test started-at="2025-10-19T16:47:18 IST" name="Default test" finished-at="2025-10-19T16:47:20 IST" duration-ms="1678">
      <class name="programs.MyApplicationAPIs">
        <test-method is-config="true" signature="gettingToken()[pri:0, instance:programs.MyApplicationAPIs@792bbc74]" started-at="2025-10-19T16:47:18 IST" name="gettingToken" finished-at="2025-10-19T16:47:20 IST" duration-ms="1309" status="PASS">
          <reporter-output>
          </reporter-output>
        </test-method> <!-- gettingToken -->
        <test-method signature="getEmploees()[pri:1, instance:programs.MyApplicationAPIs@792bbc74]" started-at="2025-10-19T16:47:20 IST" name="getEmploees" finished-at="2025-10-19T16:47:20 IST" duration-ms="355" status="PASS">
          <reporter-output>
          </reporter-output>
        </test-method> <!-- getEmploees -->
      </class> <!-- programs.MyApplicationAPIs -->
    </test> <!-- Default test -->
  </suite> <!-- Default suite -->
</testng-results>
