<?xml version="1.0" encoding="UTF-8"?>
<testng-results ignored="0" total="6" passed="6" failed="0" skipped="0">
  <reporter-output>
  </reporter-output>
  <suite started-at="2025-09-21T16:30:40 IST" name="Default suite" finished-at="2025-09-21T16:30:42 IST" duration-ms="1821">
    <groups>
    </groups>
    <test started-at="2025-09-21T16:30:40 IST" name="Default test" finished-at="2025-09-21T16:30:42 IST" duration-ms="1821">
      <class name="programs.MyApplicationAPIs">
        <test-method is-config="true" signature="gettingToken()[pri:0, instance:programs.MyApplicationAPIs@b78a709]" started-at="2025-09-21T16:30:40 IST" name="gettingToken" finished-at="2025-09-21T16:30:41 IST" duration-ms="1270" status="PASS">
          <reporter-output>
          </reporter-output>
        </test-method> <!-- gettingToken -->
        <test-method signature="getEmploees()[pri:1, instance:programs.MyApplicationAPIs@b78a709]" started-at="2025-09-21T16:30:41 IST" name="getEmploees" finished-at="2025-09-21T16:30:41 IST" duration-ms="76" status="PASS">
          <reporter-output>
          </reporter-output>
        </test-method> <!-- getEmploees -->
        <test-method signature="createEmployee()[pri:2, instance:programs.MyApplicationAPIs@b78a709]" started-at="2025-09-21T16:30:41 IST" name="createEmployee" finished-at="2025-09-21T16:30:41 IST" duration-ms="154" status="PASS">
          <reporter-output>
          </reporter-output>
        </test-method> <!-- createEmployee -->
        <test-method signature="gettingCreatedEmployeeDetails()[pri:3, instance:programs.MyApplicationAPIs@b78a709]" started-at="2025-09-21T16:30:41 IST" name="gettingCreatedEmployeeDetails" finished-at="2025-09-21T16:30:41 IST" duration-ms="26" status="PASS">
          <reporter-output>
          </reporter-output>
        </test-method> <!-- gettingCreatedEmployeeDetails -->
        <test-method signature="updateEmployee()[pri:4, instance:programs.MyApplicationAPIs@b78a709]" started-at="2025-09-21T16:30:41 IST" name="updateEmployee" finished-at="2025-09-21T16:30:41 IST" duration-ms="56" status="PASS">
          <reporter-output>
          </reporter-output>
        </test-method> <!-- updateEmployee -->
        <test-method signature="gettingUpdatedEmployeeDetails()[pri:5, instance:programs.MyApplicationAPIs@b78a709]" started-at="2025-09-21T16:30:41 IST" name="gettingUpdatedEmployeeDetails" finished-at="2025-09-21T16:30:42 IST" duration-ms="171" status="PASS">
          <reporter-output>
          </reporter-output>
        </test-method> <!-- gettingUpdatedEmployeeDetails -->
        <test-method signature="deleteUpdatedEmployee()[pri:6, instance:programs.MyApplicationAPIs@b78a709]" started-at="2025-09-21T16:30:42 IST" name="deleteUpdatedEmployee" finished-at="2025-09-21T16:30:42 IST" duration-ms="46" status="PASS">
          <reporter-output>
          </reporter-output>
        </test-method> <!-- deleteUpdatedEmployee -->
      </class> <!-- programs.MyApplicationAPIs -->
    </test> <!-- Default test -->
  </suite> <!-- Default suite -->
</testng-results>
